0 info it worked if it ends with ok
1 verbose cli [ '/usr/bin/node', '/usr/bin/npm', 'install', '.', '-g' ]
2 info using npm@1.4.28
3 info using node@v0.10.36
4 verbose node symlink /usr/bin/node
5 verbose cache add [ '.', null ]
6 verbose cache add name=undefined spec="." args=[".",null]
7 verbose parsed url { protocol: null,
7 verbose parsed url   slashes: null,
7 verbose parsed url   auth: null,
7 verbose parsed url   host: null,
7 verbose parsed url   port: null,
7 verbose parsed url   hostname: null,
7 verbose parsed url   hash: null,
7 verbose parsed url   search: null,
7 verbose parsed url   query: null,
7 verbose parsed url   pathname: '.',
7 verbose parsed url   path: '.',
7 verbose parsed url   href: '.' }
8 silly lockFile 3a52ce78- .
9 verbose lock . /home/erick/.npm/3a52ce78-.lock
10 verbose tar pack [ '/home/erick/.npm/golem/0.0.1/package.tgz', '.' ]
11 verbose tarball /home/erick/.npm/golem/0.0.1/package.tgz
12 verbose folder .
13 info prepublish golem@0.0.1
14 silly lockFile 1f1177db-tar tar://.
15 verbose lock tar://. /home/erick/.npm/1f1177db-tar.lock
16 silly lockFile 8e6570bf-rick-npm-golem-0-0-1-package-tgz tar:///home/erick/.npm/golem/0.0.1/package.tgz
17 verbose lock tar:///home/erick/.npm/golem/0.0.1/package.tgz /home/erick/.npm/8e6570bf-rick-npm-golem-0-0-1-package-tgz.lock
18 silly lockFile 1f1177db-tar tar://.
19 silly lockFile 1f1177db-tar tar://.
20 silly lockFile 8e6570bf-rick-npm-golem-0-0-1-package-tgz tar:///home/erick/.npm/golem/0.0.1/package.tgz
21 silly lockFile 8e6570bf-rick-npm-golem-0-0-1-package-tgz tar:///home/erick/.npm/golem/0.0.1/package.tgz
22 silly lockFile e016df78-me-erick-npm-golem-0-0-1-package /home/erick/.npm/golem/0.0.1/package
23 verbose lock /home/erick/.npm/golem/0.0.1/package /home/erick/.npm/e016df78-me-erick-npm-golem-0-0-1-package.lock
24 silly lockFile e016df78-me-erick-npm-golem-0-0-1-package /home/erick/.npm/golem/0.0.1/package
25 silly lockFile e016df78-me-erick-npm-golem-0-0-1-package /home/erick/.npm/golem/0.0.1/package
26 silly lockFile 3a52ce78- .
27 silly lockFile 3a52ce78- .
28 error addLocal Could not install .
29 error Error: EACCES, open '/home/erick/.npm/golem/0.0.1/package/package.json'
29 error  { [Error: EACCES, open '/home/erick/.npm/golem/0.0.1/package/package.json']
29 error   errno: 3,
29 error   code: 'EACCES',
29 error   path: '/home/erick/.npm/golem/0.0.1/package/package.json' }
30 error Please try running this command again as root/Administrator.
31 error System Linux 3.13.0-32-generic
32 error command "/usr/bin/node" "/usr/bin/npm" "install" "." "-g"
33 error cwd /home/erick/projetos/golem/golem
34 error node -v v0.10.36
35 error npm -v 1.4.28
36 error path /home/erick/.npm/golem/0.0.1/package/package.json
37 error code EACCES
38 error errno 3
39 error stack Error: EACCES, open '/home/erick/.npm/golem/0.0.1/package/package.json'
40 verbose exit [ 3, true ]
